# Logfile created on 2012-04-21 21:03:16 -0500 by logger.rb/25413
I, [2012-04-21T21:03:16.114882 #1320]  INFO -- : Log started on 2012-04-21 21:03:16 -0500
I, [2012-04-21T21:03:16.193887 #1320]  INFO -- : [memcached]2012-04-21 21:03:16 -0500 | INFO | Multitenancy manager: Obtained physical service for Llave2 as physserver = memcached_1
I, [2012-04-21T21:03:16.323894 #1320]  INFO -- : Log started on 2012-04-21 21:03:16 -0500
I, [2012-04-21T21:03:16.384898 #1320]  INFO -- : [memcached]2012-04-21 21:03:16 -0500 | INFO | Multitenancy manager: Obtained physical service for Llave2 as physserver = memcached_1
I, [2012-04-21T21:04:16.764351 #1320]  INFO -- : Log started on 2012-04-21 21:04:16 -0500
I, [2012-04-21T21:04:16.832355 #1320]  INFO -- : [memcached]2012-04-21 21:04:16 -0500 | INFO | Multitenancy manager: Obtained physical service for Llave2 as physserver = memcached_1
I, [2012-04-21T21:04:16.923360 #1320]  INFO -- : Log started on 2012-04-21 21:04:16 -0500
I, [2012-04-21T21:04:17.037367 #1320]  INFO -- : [memcached]2012-04-21 21:04:17 -0500 | INFO | Multitenancy manager: Obtained physical service for Llave2 as physserver = memcached_1
I, [2012-04-21T21:34:22.247619 #1320]  INFO -- : Log started on 2012-04-21 21:34:22 -0500
I, [2012-04-21T21:34:32.091182 #1320]  INFO -- : Log started on 2012-04-21 21:34:32 -0500
I, [2012-04-21T21:35:01.039838 #1320]  INFO -- : Log started on 2012-04-21 21:35:01 -0500
I, [2012-04-21T21:35:54.365888 #1320]  INFO -- : Log started on 2012-04-21 21:35:54 -0500
I, [2012-04-21T21:37:34.293604 #4284]  INFO -- : Log started on 2012-04-21 21:37:34 -0500
I, [2012-04-21T21:42:09.303333 #5676]  INFO -- : Log started on 2012-04-21 21:42:09 -0500
I, [2012-04-21T21:43:51.662188 #5696]  INFO -- : Log started on 2012-04-21 21:43:51 -0500
I, [2012-04-21T21:43:51.754193 #5696]  INFO -- : [memcached]2012-04-21 21:43:51 -0500 | INFO | Multitenancy manager: Obtained physical service for pelos as physserver = memcached_1
I, [2012-04-21T21:43:58.267566 #5696]  INFO -- : Log started on 2012-04-21 21:43:58 -0500
I, [2012-04-21T21:43:58.379572 #5696]  INFO -- : [memcached]2012-04-21 21:43:58 -0500 | INFO | Multitenancy manager: Obtained physical service for pelos as physserver = memcached_1
I, [2012-04-21T21:52:38.579326 #5696]  INFO -- : Log started on 2012-04-21 21:52:38 -0500
I, [2012-04-21T21:52:38.694332 #5696]  INFO -- : [memcached]2012-04-21 21:52:38 -0500 | INFO | Multitenancy manager: Obtained physical service for Llave as physserver = memcached_1
I, [2012-04-21T21:52:38.770337 #5696]  INFO -- : Log started on 2012-04-21 21:52:38 -0500
I, [2012-04-21T21:52:38.835340 #5696]  INFO -- : [memcached]2012-04-21 21:52:38 -0500 | INFO | Multitenancy manager: Obtained physical service for Llave as physserver = memcached_1
