# Logfile created on 2012-04-20 18:59:10 -0500 by logger.rb/25413
I, [2012-04-20T18:59:10.822551 #2696]  INFO -- : Log started on 2012-04-20 18:59:10 -0500
I, [2012-04-20T18:59:10.961559 #2696]  INFO -- : [memcached]2012-04-20 18:59:10 -0500 | INFO | Provided service list : 0
I, [2012-04-20T19:02:11.534887 #2696]  INFO -- : [memcached_1]2012-04-20 19:02:11 -0500 | INFO | Service contracted successfully : memcached physname=memcached_1
I, [2012-04-20T19:05:18.948607 #2696]  INFO -- : Log started on 2012-04-20 19:05:18 -0500
I, [2012-04-20T19:05:18.976608 #2696]  INFO -- : [memcached]2012-04-20 19:05:18 -0500 | INFO | Provided service list : 1
I, [2012-04-20T19:05:53.555586 #7900]  INFO -- : Log started on 2012-04-20 19:05:53 -0500
I, [2012-04-20T19:05:53.631590 #7900]  INFO -- : [memcached]2012-04-20 19:05:53 -0500 | INFO | Provided service list : 1
I, [2012-04-20T19:06:26.587475 #7900]  INFO -- : [memcached_2]2012-04-20 19:06:26 -0500 | INFO | Service contracted successfully : memcached physname=memcached_2
I, [2012-04-20T19:07:26.743916 #7900]  INFO -- : [memcached_3]2012-04-20 19:07:26 -0500 | INFO | Service contracted successfully : memcached physname=memcached_3
I, [2012-04-20T19:07:26.769918 #7900]  INFO -- : [memcached]2012-04-20 19:07:26 -0500 | INFO | No supplier found to provide : memcached
I, [2012-04-20T19:07:56.826637 #7900]  INFO -- : [memcached]2012-04-20 19:07:56 -0500 | INFO | No supplier found to provide : memcached
I, [2012-04-20T19:08:26.866355 #7900]  INFO -- : [memcached_1]2012-04-20 19:08:26 -0500 | INFO | Service cancelled successfully : memcached_1
I, [2012-04-20T19:08:26.877356 #7900]  INFO -- : [memcached_2]2012-04-20 19:08:26 -0500 | INFO | Service cancelled successfully : memcached_2
I, [2012-04-20T19:27:22.962336 #7644]  INFO -- : Log started on 2012-04-20 19:27:22 -0500
I, [2012-04-20T19:27:23.053341 #7644]  INFO -- : [memcached]2012-04-20 19:27:23 -0500 | INFO | Provided service list : 0
I, [2012-04-20T19:27:23.119345 #7644]  INFO -- : [memcached_1]2012-04-20 19:27:23 -0500 | INFO | Service contracted successfully : memcached physname=memcached_1
I, [2012-04-20T19:27:23.159347 #7644]  INFO -- : [memcached_2]2012-04-20 19:27:23 -0500 | INFO | Service contracted successfully : memcached physname=memcached_2
I, [2012-04-20T19:27:23.228351 #7644]  INFO -- : [memcached_3]2012-04-20 19:27:23 -0500 | INFO | Service contracted successfully : memcached physname=memcached_3
I, [2012-04-20T19:27:23.266353 #7644]  INFO -- : [memcached_4]2012-04-20 19:27:23 -0500 | INFO | Service contracted successfully : memcached physname=memcached_4
I, [2012-04-20T19:27:23.305355 #7644]  INFO -- : [memcached_5]2012-04-20 19:27:23 -0500 | INFO | Service contracted successfully : memcached physname=memcached_5
I, [2012-04-20T19:27:23.344358 #7644]  INFO -- : [memcached_6]2012-04-20 19:27:23 -0500 | INFO | Service contracted successfully : memcached physname=memcached_6
I, [2012-04-20T19:27:23.369359 #7644]  INFO -- : [memcached]2012-04-20 19:27:23 -0500 | INFO | No supplier found to provide : memcached
I, [2012-04-20T19:27:59.805443 #5092]  INFO -- : Log started on 2012-04-20 19:27:59 -0500
I, [2012-04-20T19:27:59.883448 #5092]  INFO -- : [memcached]2012-04-20 19:27:59 -0500 | INFO | Provided service list : 6
I, [2012-04-20T19:27:59.992454 #5092]  INFO -- : [memcached_1]2012-04-20 19:27:59 -0500 | INFO | Service contracted successfully : memcached physname=memcached_1
I, [2012-04-20T19:28:30.090175 #5092]  INFO -- : [memcached_8]2012-04-20 19:28:30 -0500 | INFO | Service contracted successfully : memcached physname=memcached_8
I, [2012-04-20T19:28:30.129178 #5092]  INFO -- : [memcached_9]2012-04-20 19:28:30 -0500 | INFO | Service contracted successfully : memcached physname=memcached_9
I, [2012-04-20T19:28:30.171180 #5092]  INFO -- : [memcached_10]2012-04-20 19:28:30 -0500 | INFO | Service contracted successfully : memcached physname=memcached_10
I, [2012-04-20T19:28:30.219183 #5092]  INFO -- : [memcached_11]2012-04-20 19:28:30 -0500 | INFO | Service contracted successfully : memcached physname=memcached_11
I, [2012-04-20T19:28:30.315188 #5092]  INFO -- : [memcached_12]2012-04-20 19:28:30 -0500 | INFO | Service contracted successfully : memcached physname=memcached_12
I, [2012-04-20T19:28:30.338190 #5092]  INFO -- : [memcached]2012-04-20 19:28:30 -0500 | INFO | No supplier found to provide : memcached
I, [2012-04-20T19:29:00.391909 #5092]  INFO -- : [memcached]2012-04-20 19:29:00 -0500 | INFO | No supplier found to provide : memcached
I, [2012-04-20T19:29:30.429627 #5092]  INFO -- : [memcached_1]2012-04-20 19:29:30 -0500 | INFO | Service cancelled successfully : memcached_1
I, [2012-04-20T19:29:30.447628 #5092]  INFO -- : [memcached_2]2012-04-20 19:29:30 -0500 | INFO | Service cancelled successfully : memcached_2
I, [2012-04-20T19:29:30.454628 #5092]  INFO -- : [memcached_3]2012-04-20 19:29:30 -0500 | INFO | Service cancelled successfully : memcached_3
I, [2012-04-20T19:30:00.584351 #5092]  INFO -- : [memcached_13]2012-04-20 19:30:00 -0500 | INFO | Service contracted successfully : memcached physname=memcached_13
I, [2012-04-20T19:30:00.606353 #5092]  INFO -- : [memcached]2012-04-20 19:30:00 -0500 | INFO | No supplier found to provide : memcached
I, [2012-04-20T19:30:30.666072 #5092]  INFO -- : [memcached]2012-04-20 19:30:30 -0500 | INFO | No supplier found to provide : memcached
I, [2012-04-20T19:31:00.793795 #5092]  INFO -- : [memcached]2012-04-20 19:31:00 -0500 | INFO | No supplier found to provide : memcached
I, [2012-04-20T19:31:30.839514 #5092]  INFO -- : [memcached_4]2012-04-20 19:31:30 -0500 | INFO | Service cancelled successfully : memcached_4
I, [2012-04-20T19:31:30.844514 #5092]  INFO -- : [memcached_5]2012-04-20 19:31:30 -0500 | INFO | Service cancelled successfully : memcached_5
I, [2012-04-20T19:32:30.915950 #5092]  INFO -- : [memcached]2012-04-20 19:32:30 -0500 | INFO | No supplier found to provide : memcached
I, [2012-04-20T19:33:00.953668 #5092]  INFO -- : [memcached_6]2012-04-20 19:33:00 -0500 | INFO | Service cancelled successfully : memcached_6
I, [2012-04-20T19:33:31.483414 #5092]  INFO -- : [memcached]2012-04-20 19:33:31 -0500 | INFO | No supplier found to provide : memcached
I, [2012-04-20T19:34:01.571135 #5092]  INFO -- : [memcached]2012-04-20 19:34:01 -0500 | INFO | No supplier found to provide : memcached
I, [2012-04-20T19:34:31.643855 #5092]  INFO -- : [memcached]2012-04-20 19:34:31 -0500 | INFO | No supplier found to provide : memcached
I, [2012-04-20T19:35:01.706575 #5092]  INFO -- : [memcached]2012-04-20 19:35:01 -0500 | INFO | No supplier found to provide : memcached
I, [2012-04-20T19:35:31.803296 #5092]  INFO -- : [memcached]2012-04-20 19:35:31 -0500 | INFO | No supplier found to provide : memcached
I, [2012-04-20T19:36:01.933019 #5092]  INFO -- : [memcached]2012-04-20 19:36:01 -0500 | INFO | No supplier found to provide : memcached
I, [2012-04-20T19:37:02.016456 #5092]  INFO -- : [memcached]2012-04-20 19:37:02 -0500 | INFO | No supplier found to provide : memcached
I, [2012-04-20T19:37:32.131005 #5092]  INFO -- : [memcached]2012-04-20 19:37:32 -0500 | INFO | No supplier found to provide : memcached
I, [2012-04-20T19:38:02.255335 #5092]  INFO -- : [memcached]2012-04-20 19:38:02 -0500 | INFO | No supplier found to provide : memcached
I, [2012-04-20T19:38:32.306054 #5092]  INFO -- : [memcached]2012-04-20 19:38:32 -0500 | INFO | No supplier found to provide : memcached
I, [2012-04-20T19:40:02.589217 #5092]  INFO -- : [memcached]2012-04-20 19:40:02 -0500 | INFO | No supplier found to provide : memcached
I, [2012-04-20T19:40:32.660937 #5092]  INFO -- : [memcached]2012-04-20 19:40:32 -0500 | INFO | No supplier found to provide : memcached
I, [2012-04-20T19:41:02.707656 #5092]  INFO -- : [memcached]2012-04-20 19:41:02 -0500 | INFO | No supplier found to provide : memcached
I, [2012-04-20T19:41:32.814378 #5092]  INFO -- : [memcached]2012-04-20 19:41:32 -0500 | INFO | No supplier found to provide : memcached
I, [2012-04-20T19:42:02.866097 #5092]  INFO -- : [memcached]2012-04-20 19:42:02 -0500 | INFO | No supplier found to provide : memcached
I, [2012-04-20T19:42:32.917816 #5092]  INFO -- : [memcached]2012-04-20 19:42:32 -0500 | INFO | No supplier found to provide : memcached
I, [2012-04-20T19:43:02.963534 #5092]  INFO -- : [memcached]2012-04-20 19:43:02 -0500 | INFO | No supplier found to provide : memcached
I, [2012-04-20T19:43:33.071256 #5092]  INFO -- : [memcached]2012-04-20 19:43:33 -0500 | INFO | No supplier found to provide : memcached
I, [2012-04-20T19:44:03.140976 #5092]  INFO -- : [memcached]2012-04-20 19:44:03 -0500 | INFO | No supplier found to provide : memcached
I, [2012-04-20T19:44:33.214696 #5092]  INFO -- : [memcached]2012-04-20 19:44:33 -0500 | INFO | No supplier found to provide : memcached
I, [2012-04-20T19:45:03.271415 #5092]  INFO -- : [memcached]2012-04-20 19:45:03 -0500 | INFO | No supplier found to provide : memcached
I, [2012-04-20T19:45:33.458142 #5092]  INFO -- : [memcached]2012-04-20 19:45:33 -0500 | INFO | No supplier found to provide : memcached
I, [2012-04-20T19:46:03.532862 #5092]  INFO -- : [memcached]2012-04-20 19:46:03 -0500 | INFO | No supplier found to provide : memcached
I, [2012-04-20T19:46:33.582581 #5092]  INFO -- : [memcached]2012-04-20 19:46:33 -0500 | INFO | No supplier found to provide : memcached
I, [2012-04-20T19:47:03.686303 #5092]  INFO -- : [memcached]2012-04-20 19:47:03 -0500 | INFO | No supplier found to provide : memcached
I, [2012-04-20T19:47:33.738022 #5092]  INFO -- : [memcached]2012-04-20 19:47:33 -0500 | INFO | No supplier found to provide : memcached
I, [2012-04-20T19:48:03.777740 #5092]  INFO -- : [memcached]2012-04-20 19:48:03 -0500 | INFO | No supplier found to provide : memcached
I, [2012-04-20T19:48:33.912463 #5092]  INFO -- : [memcached]2012-04-20 19:48:33 -0500 | INFO | No supplier found to provide : memcached
I, [2012-04-20T19:49:04.010185 #5092]  INFO -- : [memcached]2012-04-20 19:49:04 -0500 | INFO | No supplier found to provide : memcached
I, [2012-04-20T19:49:34.123907 #5092]  INFO -- : [memcached]2012-04-20 19:49:34 -0500 | INFO | No supplier found to provide : memcached
I, [2012-04-20T19:50:04.179626 #5092]  INFO -- : [memcached]2012-04-20 19:50:04 -0500 | INFO | No supplier found to provide : memcached
I, [2012-04-20T19:51:34.400787 #5092]  INFO -- : [memcached]2012-04-20 19:51:34 -0500 | INFO | No supplier found to provide : memcached
I, [2012-04-20T19:52:04.463506 #5092]  INFO -- : [memcached]2012-04-20 19:52:04 -0500 | INFO | No supplier found to provide : memcached
I, [2012-04-20T19:52:34.537226 #5092]  INFO -- : [memcached]2012-04-20 19:52:34 -0500 | INFO | No supplier found to provide : memcached
I, [2012-04-20T19:53:04.730953 #5092]  INFO -- : [memcached]2012-04-20 19:53:04 -0500 | INFO | No supplier found to provide : memcached
I, [2012-04-20T19:54:04.836391 #5092]  INFO -- : [memcached]2012-04-20 19:54:04 -0500 | INFO | No supplier found to provide : memcached
I, [2012-04-20T19:54:34.928112 #5092]  INFO -- : [memcached]2012-04-20 19:54:34 -0500 | INFO | No supplier found to provide : memcached
I, [2012-04-20T19:55:05.029834 #5092]  INFO -- : [memcached]2012-04-20 19:55:05 -0500 | INFO | No supplier found to provide : memcached
I, [2012-04-20T19:55:35.083553 #5092]  INFO -- : [memcached]2012-04-20 19:55:35 -0500 | INFO | No supplier found to provide : memcached
I, [2012-04-20T19:56:05.138272 #5092]  INFO -- : [memcached]2012-04-20 19:56:05 -0500 | INFO | No supplier found to provide : memcached
I, [2012-04-20T19:56:35.203350 #5092]  INFO -- : [memcached]2012-04-20 19:56:35 -0500 | INFO | No supplier found to provide : memcached
I, [2012-04-20T19:57:05.312403 #5092]  INFO -- : [memcached]2012-04-20 19:57:05 -0500 | INFO | No supplier found to provide : memcached
I, [2012-04-20T19:58:05.395109 #5092]  INFO -- : [memcached]2012-04-20 19:58:05 -0500 | INFO | No supplier found to provide : memcached
I, [2012-04-20T19:58:35.429162 #5092]  INFO -- : [memcached_8]2012-04-20 19:58:35 -0500 | INFO | Service cancelled successfully : memcached_8
I, [2012-04-20T19:59:05.665015 #5092]  INFO -- : [memcached_14]2012-04-20 19:59:05 -0500 | INFO | Service contracted successfully : memcached physname=memcached_14
I, [2012-04-20T19:59:05.711815 #5092]  INFO -- : [memcached]2012-04-20 19:59:05 -0500 | INFO | No supplier found to provide : memcached
I, [2012-04-20T20:00:05.878571 #5092]  INFO -- : [memcached]2012-04-20 20:00:05 -0500 | INFO | No supplier found to provide : memcached
I, [2012-04-20T20:00:35.939291 #5092]  INFO -- : [memcached]2012-04-20 20:00:35 -0500 | INFO | No supplier found to provide : memcached
I, [2012-04-20T20:01:06.093015 #5092]  INFO -- : [memcached]2012-04-20 20:01:06 -0500 | INFO | No supplier found to provide : memcached
I, [2012-04-20T20:01:36.137734 #5092]  INFO -- : [memcached]2012-04-20 20:01:36 -0500 | INFO | No supplier found to provide : memcached
I, [2012-04-20T20:02:06.191453 #5092]  INFO -- : [memcached]2012-04-20 20:02:06 -0500 | INFO | No supplier found to provide : memcached
I, [2012-04-20T20:02:36.299175 #5092]  INFO -- : [memcached]2012-04-20 20:02:36 -0500 | INFO | No supplier found to provide : memcached
I, [2012-04-20T20:03:36.367610 #5092]  INFO -- : [memcached]2012-04-20 20:03:36 -0500 | INFO | No supplier found to provide : memcached
I, [2012-04-20T20:04:06.418329 #5092]  INFO -- : [memcached]2012-04-20 20:04:06 -0500 | INFO | No supplier found to provide : memcached
I, [2012-04-20T20:04:36.506050 #5092]  INFO -- : [memcached]2012-04-20 20:04:36 -0500 | INFO | No supplier found to provide : memcached
I, [2012-04-20T20:05:06.544768 #5092]  INFO -- : [memcached_9]2012-04-20 20:05:06 -0500 | INFO | Service cancelled successfully : memcached_9
I, [2012-04-20T20:06:06.662207 #5092]  INFO -- : [memcached_15]2012-04-20 20:06:06 -0500 | INFO | Service contracted successfully : memcached physname=memcached_15
I, [2012-04-20T20:06:06.691208 #5092]  INFO -- : [memcached]2012-04-20 20:06:06 -0500 | INFO | No supplier found to provide : memcached
I, [2012-04-20T20:07:10.129837 #5092]  INFO -- : [memcached]2012-04-20 20:07:10 -0500 | INFO | No supplier found to provide : memcached
I, [2012-04-20T20:07:40.925598 #5092]  INFO -- : [memcached]2012-04-20 20:07:40 -0500 | INFO | No supplier found to provide : memcached
I, [2012-04-20T20:08:10.983318 #5092]  INFO -- : [memcached]2012-04-20 20:08:10 -0500 | INFO | No supplier found to provide : memcached
I, [2012-04-20T20:08:41.083039 #5092]  INFO -- : [memcached]2012-04-20 20:08:41 -0500 | INFO | No supplier found to provide : memcached
I, [2012-04-20T20:09:11.127758 #5092]  INFO -- : [memcached]2012-04-20 20:09:11 -0500 | INFO | No supplier found to provide : memcached
I, [2012-04-20T20:09:41.198478 #5092]  INFO -- : [memcached]2012-04-20 20:09:41 -0500 | INFO | No supplier found to provide : memcached
I, [2012-04-20T20:10:11.254197 #5092]  INFO -- : [memcached]2012-04-20 20:10:11 -0500 | INFO | No supplier found to provide : memcached
I, [2012-04-20T20:10:41.341918 #5092]  INFO -- : [memcached]2012-04-20 20:10:41 -0500 | INFO | No supplier found to provide : memcached
I, [2012-04-20T20:11:11.414638 #5092]  INFO -- : [memcached]2012-04-20 20:11:11 -0500 | INFO | No supplier found to provide : memcached
I, [2012-04-20T20:11:41.470357 #5092]  INFO -- : [memcached]2012-04-20 20:11:41 -0500 | INFO | No supplier found to provide : memcached
I, [2012-04-20T20:12:11.588079 #5092]  INFO -- : [memcached]2012-04-20 20:12:11 -0500 | INFO | No supplier found to provide : memcached
I, [2012-04-20T20:12:41.643798 #5092]  INFO -- : [memcached]2012-04-20 20:12:41 -0500 | INFO | No supplier found to provide : memcached
I, [2012-04-20T20:13:11.678516 #5092]  INFO -- : [memcached_10]2012-04-20 20:13:11 -0500 | INFO | Service cancelled successfully : memcached_10
I, [2012-04-20T20:13:41.762237 #5092]  INFO -- : [memcached_16]2012-04-20 20:13:41 -0500 | INFO | Service contracted successfully : memcached physname=memcached_16
I, [2012-04-20T20:14:11.858958 #5092]  INFO -- : [memcached]2012-04-20 20:14:11 -0500 | INFO | No supplier found to provide : memcached
I, [2012-04-20T20:14:41.903677 #5092]  INFO -- : [memcached]2012-04-20 20:14:41 -0500 | INFO | No supplier found to provide : memcached
I, [2012-04-20T20:15:11.961517 #5092]  INFO -- : [memcached]2012-04-20 20:15:11 -0500 | INFO | No supplier found to provide : memcached
I, [2012-04-20T20:15:42.068562 #5092]  INFO -- : [memcached]2012-04-20 20:15:42 -0500 | INFO | No supplier found to provide : memcached
I, [2012-04-20T20:16:12.113604 #5092]  INFO -- : [memcached]2012-04-20 20:16:12 -0500 | INFO | No supplier found to provide : memcached
I, [2012-04-20T20:17:12.199689 #5092]  INFO -- : [memcached]2012-04-20 20:17:12 -0500 | INFO | No supplier found to provide : memcached
I, [2012-04-20T22:16:38.902035 #7416]  INFO -- : Log started on 2012-04-20 22:16:38 -0500
I, [2012-04-20T22:16:39.039042 #7416]  INFO -- : [memcached]2012-04-20 22:16:39 -0500 | INFO | Provided service list : 0
I, [2012-04-20T22:16:39.125047 #7416]  INFO -- : [memcached_1]2012-04-20 22:16:39 -0500 | INFO | Service contracted successfully : memcached physname=memcached_1
I, [2012-04-20T22:16:39.177050 #7416]  INFO -- : [memcached_2]2012-04-20 22:16:39 -0500 | INFO | Service contracted successfully : memcached physname=memcached_2
I, [2012-04-20T22:17:37.341377 #7184]  INFO -- : Log started on 2012-04-20 22:17:37 -0500
I, [2012-04-20T22:17:37.422382 #7184]  INFO -- : [memcached]2012-04-20 22:17:37 -0500 | INFO | Provided service list : 2
I, [2012-04-20T22:17:37.518387 #7184]  INFO -- : [memcached_1]2012-04-20 22:17:37 -0500 | INFO | Service contracted successfully : memcached physname=memcached_1
I, [2012-04-20T22:17:37.568390 #7184]  INFO -- : [memcached_4]2012-04-20 22:17:37 -0500 | INFO | Service contracted successfully : memcached physname=memcached_4
I, [2012-04-20T22:17:59.113622 #6548]  INFO -- : Log started on 2012-04-20 22:17:59 -0500
I, [2012-04-20T22:17:59.196627 #6548]  INFO -- : [memcached]2012-04-20 22:17:59 -0500 | INFO | Provided service list : 2
I, [2012-04-20T22:17:59.292633 #6548]  INFO -- : [memcached_1]2012-04-20 22:17:59 -0500 | INFO | Service contracted successfully : memcached physname=memcached_1
I, [2012-04-20T22:18:22.843980 #8076]  INFO -- : Log started on 2012-04-20 22:18:22 -0500
I, [2012-04-20T22:18:22.920984 #8076]  INFO -- : [memcached]2012-04-20 22:18:22 -0500 | INFO | Provided service list : 1
I, [2012-04-20T22:18:23.029990 #8076]  INFO -- : [memcached_1]2012-04-20 22:18:23 -0500 | INFO | Service contracted successfully : memcached physname=memcached_1
I, [2012-04-20T22:19:15.789008 #3924]  INFO -- : Log started on 2012-04-20 22:19:15 -0500
I, [2012-04-20T22:19:15.865012 #3924]  INFO -- : [memcached]2012-04-20 22:19:15 -0500 | INFO | Provided service list : 1
I, [2012-04-20T22:19:15.937016 #3924]  INFO -- : [memcached_1]2012-04-20 22:19:15 -0500 | INFO | Service contracted successfully : memcached physname=memcached_1
I, [2012-04-20T22:19:15.983019 #3924]  INFO -- : [memcached_8]2012-04-20 22:19:15 -0500 | INFO | Service contracted successfully : memcached physname=memcached_8
I, [2012-04-20T22:19:39.259350 #6196]  INFO -- : Log started on 2012-04-20 22:19:39 -0500
I, [2012-04-20T22:19:39.343355 #6196]  INFO -- : [memcached]2012-04-20 22:19:39 -0500 | INFO | Provided service list : 2
I, [2012-04-20T22:19:39.423360 #6196]  INFO -- : [memcached_1]2012-04-20 22:19:39 -0500 | INFO | Service contracted successfully : memcached physname=memcached_1
I, [2012-04-20T22:20:01.554626 #636]  INFO -- : Log started on 2012-04-20 22:20:01 -0500
I, [2012-04-20T22:20:01.632630 #636]  INFO -- : [memcached]2012-04-20 22:20:01 -0500 | INFO | Provided service list : 1
I, [2012-04-20T22:20:01.706634 #636]  INFO -- : [memcached_1]2012-04-20 22:20:01 -0500 | INFO | Service contracted successfully : memcached physname=memcached_1
I, [2012-04-20T22:20:01.748637 #636]  INFO -- : [memcached_11]2012-04-20 22:20:01 -0500 | INFO | Service contracted successfully : memcached physname=memcached_11
I, [2012-04-20T22:20:01.841642 #636]  INFO -- : [memcached_12]2012-04-20 22:20:01 -0500 | INFO | Service contracted successfully : memcached physname=memcached_12
I, [2012-04-20T22:20:01.880644 #636]  INFO -- : [memcached_13]2012-04-20 22:20:01 -0500 | INFO | Service contracted successfully : memcached physname=memcached_13
I, [2012-04-20T22:20:01.920647 #636]  INFO -- : [memcached_14]2012-04-20 22:20:01 -0500 | INFO | Service contracted successfully : memcached physname=memcached_14
I, [2012-04-20T22:20:01.960649 #636]  INFO -- : [memcached_15]2012-04-20 22:20:01 -0500 | INFO | Service contracted successfully : memcached physname=memcached_15
I, [2012-04-21T12:53:51.428739 #6248]  INFO -- : Log started on 2012-04-21 12:53:51 -0500
I, [2012-04-21T12:53:51.577748 #6248]  INFO -- : [memcached]2012-04-21 12:53:51 -0500 | INFO | Provided service list : 6
I, [2012-04-21T13:02:57.184955 #6248]  INFO -- : Log started on 2012-04-21 13:02:57 -0500
I, [2012-04-21T13:02:57.226957 #6248]  INFO -- : [memcached]2012-04-21 13:02:57 -0500 | INFO | Provided service list : 6
I, [2012-04-21T13:03:47.797849 #6248]  INFO -- : Log started on 2012-04-21 13:03:47 -0500
I, [2012-04-21T13:03:47.831851 #6248]  INFO -- : [memcached]2012-04-21 13:03:47 -0500 | INFO | Provided service list : 6
I, [2012-04-21T13:04:13.428315 #6248]  INFO -- : Log started on 2012-04-21 13:04:13 -0500
I, [2012-04-21T13:04:13.459317 #6248]  INFO -- : [memcached]2012-04-21 13:04:13 -0500 | INFO | Provided service list : 6
I, [2012-04-21T13:13:34.249393 #6944]  INFO -- : Log started on 2012-04-21 13:13:34 -0500
I, [2012-04-21T13:13:34.367399 #6944]  INFO -- : [memcached]2012-04-21 13:13:34 -0500 | INFO | Provided service list : 6
I, [2012-04-21T13:13:35.123442 #6944]  INFO -- : [memcached_1]2012-04-21 13:13:35 -0500 | INFO | Service contracted successfully : memcached physname=memcached_1
I, [2012-04-21T13:36:12.030053 #9160]  INFO -- : Log started on 2012-04-21 13:36:12 -0500
I, [2012-04-21T13:36:12.209063 #9160]  INFO -- : [memcached]2012-04-21 13:36:12 -0500 | INFO | Provided service list : 1
I, [2012-04-21T13:36:12.544083 #9160]  INFO -- : [memcached_1]2012-04-21 13:36:12 -0500 | INFO | Service contracted successfully : memcached physname=memcached_1
I, [2012-04-21T13:36:12.645088 #9160]  INFO -- : [memcached_18]2012-04-21 13:36:12 -0500 | INFO | Service contracted successfully : memcached physname=memcached_18
I, [2012-04-21T13:36:12.849100 #9160]  INFO -- : [memcached_19]2012-04-21 13:36:12 -0500 | INFO | Service contracted successfully : memcached physname=memcached_19
I, [2012-04-21T13:36:12.975107 #9160]  INFO -- : [memcached_20]2012-04-21 13:36:12 -0500 | INFO | Service contracted successfully : memcached physname=memcached_20
I, [2012-04-21T13:36:13.073113 #9160]  INFO -- : [memcached_21]2012-04-21 13:36:13 -0500 | INFO | Service contracted successfully : memcached physname=memcached_21
I, [2012-04-21T13:39:06.461030 #9160]  INFO -- : [memcached_1]2012-04-21 13:39:06 -0500 | INFO | Service cancelled successfully : memcached_1
I, [2012-04-21T13:51:13.901637 #9160]  INFO -- : [memcached_1]2012-04-21 13:51:13 -0500 | INFO | Service cancelled successfully : memcached_1
I, [2012-04-21T14:03:26.236524 #2316]  INFO -- : Log started on 2012-04-21 14:03:26 -0500
I, [2012-04-21T14:03:26.389533 #2316]  INFO -- : [memcached]2012-04-21 14:03:26 -0500 | INFO | Provided service list : 4
I, [2012-04-21T14:04:34.212412 #2316]  INFO -- : Log started on 2012-04-21 14:04:34 -0500
I, [2012-04-21T14:04:34.241414 #2316]  INFO -- : [memcached]2012-04-21 14:04:34 -0500 | INFO | Provided service list : 4
I, [2012-04-21T14:05:22.108152 #9160]  INFO -- : [memcached_18]2012-04-21 14:05:22 -0500 | INFO | Service cancelled successfully : memcached_18
I, [2012-04-21T14:06:05.275621 #2316]  INFO -- : Log started on 2012-04-21 14:06:05 -0500
I, [2012-04-21T14:06:05.305623 #2316]  INFO -- : [memcached]2012-04-21 14:06:05 -0500 | INFO | Provided service list : 3
I, [2012-04-21T14:07:08.241222 #2316]  INFO -- : Log started on 2012-04-21 14:07:08 -0500
I, [2012-04-21T14:07:08.273224 #2316]  INFO -- : [memcached]2012-04-21 14:07:08 -0500 | INFO | Provided service list : 3
I, [2012-04-21T15:21:17.570709 #8808]  INFO -- : Log started on 2012-04-21 15:21:17 -0500
I, [2012-04-21T15:21:17.698717 #8808]  INFO -- : [memcached]2012-04-21 15:21:17 -0500 | INFO | Provided service list : 3
I, [2012-04-21T15:24:02.200126 #8808]  INFO -- : Log started on 2012-04-21 15:24:02 -0500
I, [2012-04-21T15:24:02.227127 #8808]  INFO -- : [memcached]2012-04-21 15:24:02 -0500 | INFO | Provided service list : 3
I, [2012-04-21T15:26:37.614015 #8808]  INFO -- : Log started on 2012-04-21 15:26:37 -0500
I, [2012-04-21T15:26:37.642016 #8808]  INFO -- : [memcached]2012-04-21 15:26:37 -0500 | INFO | Provided service list : 3
I, [2012-04-21T15:26:43.213335 #8808]  INFO -- : Log started on 2012-04-21 15:26:43 -0500
I, [2012-04-21T15:26:43.235336 #8808]  INFO -- : [memcached]2012-04-21 15:26:43 -0500 | INFO | Provided service list : 3
I, [2012-04-21T15:32:00.589488 #8808]  INFO -- : Log started on 2012-04-21 15:32:00 -0500
I, [2012-04-21T15:32:00.607489 #8808]  INFO -- : [memcached]2012-04-21 15:32:00 -0500 | INFO | Provided service list : 3
I, [2012-04-21T15:34:33.042208 #8808]  INFO -- : Log started on 2012-04-21 15:34:33 -0500
I, [2012-04-21T15:34:33.070209 #8808]  INFO -- : [memcached]2012-04-21 15:34:33 -0500 | INFO | Provided service list : 3
I, [2012-04-21T15:35:02.170874 #8808]  INFO -- : Log started on 2012-04-21 15:35:02 -0500
I, [2012-04-21T15:35:02.194875 #8808]  INFO -- : [memcached]2012-04-21 15:35:02 -0500 | INFO | Provided service list : 3
I, [2012-04-21T15:36:01.930292 #2636]  INFO -- : Log started on 2012-04-21 15:36:01 -0500
I, [2012-04-21T15:36:02.010296 #2636]  INFO -- : [memcached]2012-04-21 15:36:02 -0500 | INFO | Provided service list : 3
I, [2012-04-21T15:36:02.371317 #2636]  INFO -- : [memcached_1]2012-04-21 15:36:02 -0500 | INFO | Service contracted successfully : memcached physname=memcached_1
I, [2012-04-21T15:36:02.505325 #2636]  INFO -- : [memcached_23]2012-04-21 15:36:02 -0500 | INFO | Service contracted successfully : memcached physname=memcached_23
I, [2012-04-21T15:36:02.547327 #2636]  INFO -- : [memcached_24]2012-04-21 15:36:02 -0500 | INFO | Service contracted successfully : memcached physname=memcached_24
I, [2012-04-21T15:36:02.587329 #2636]  INFO -- : [memcached_25]2012-04-21 15:36:02 -0500 | INFO | Service contracted successfully : memcached physname=memcached_25
I, [2012-04-21T15:36:02.627332 #2636]  INFO -- : [memcached_26]2012-04-21 15:36:02 -0500 | INFO | Service contracted successfully : memcached physname=memcached_26
I, [2012-04-21T15:36:02.798342 #2636]  INFO -- : [memcached_27]2012-04-21 15:36:02 -0500 | INFO | Service contracted successfully : memcached physname=memcached_27
I, [2012-04-21T15:40:08.743409 #2636]  INFO -- : [memcached_19]2012-04-21 15:40:08 -0500 | INFO | Service cancelled successfully : memcached_19
I, [2012-04-21T15:53:27.767110 #2636]  INFO -- : [memcached_20]2012-04-21 15:53:27 -0500 | INFO | Service cancelled successfully : memcached_20
I, [2012-04-21T18:40:11.261277 #984]  INFO -- : Log started on 2012-04-21 18:40:11 -0500
I, [2012-04-21T18:40:11.354283 #984]  INFO -- : [memcached]2012-04-21 18:40:11 -0500 | INFO | Provided service list : 0
I, [2012-04-21T18:40:11.452288 #984]  INFO -- : [memcached_1]2012-04-21 18:40:11 -0500 | INFO | Service contracted successfully : memcached physname=memcached_1
I, [2012-04-21T18:43:27.748516 #4636]  INFO -- : Log started on 2012-04-21 18:43:27 -0500
I, [2012-04-21T18:43:27.839521 #4636]  INFO -- : [memcached]2012-04-21 18:43:27 -0500 | INFO | Provided service list : 1
I, [2012-04-21T18:43:27.912525 #4636]  INFO -- : [memcached_1]2012-04-21 18:43:27 -0500 | INFO | Service contracted successfully : memcached physname=memcached_1
I, [2012-04-21T18:43:27.955528 #4636]  INFO -- : [memcached_3]2012-04-21 18:43:27 -0500 | INFO | Service contracted successfully : memcached physname=memcached_3
I, [2012-04-21T18:43:28.035532 #4636]  INFO -- : [memcached_4]2012-04-21 18:43:28 -0500 | INFO | Service contracted successfully : memcached physname=memcached_4
I, [2012-04-21T18:43:28.073534 #4636]  INFO -- : [memcached_5]2012-04-21 18:43:28 -0500 | INFO | Service contracted successfully : memcached physname=memcached_5
I, [2012-04-21T18:43:28.092536 #4636]  INFO -- : [memcached]2012-04-21 18:43:28 -0500 | INFO | No supplier found to provide : memcached
I, [2012-04-21T18:45:49.570628 #7696]  INFO -- : Log started on 2012-04-21 18:45:49 -0500
I, [2012-04-21T18:45:49.659633 #7696]  INFO -- : [memcached]2012-04-21 18:45:49 -0500 | INFO | Provided service list : 0
I, [2012-04-21T18:45:49.726637 #7696]  INFO -- : [memcached_1]2012-04-21 18:45:49 -0500 | INFO | Service contracted successfully : memcached physname=memcached_1
I, [2012-04-21T18:45:59.813214 #7696]  INFO -- : [memcached_2]2012-04-21 18:45:59 -0500 | INFO | Service contracted successfully : memcached physname=memcached_2
I, [2012-04-21T18:45:59.887218 #7696]  INFO -- : [memcached]2012-04-21 18:45:59 -0500 | INFO | No supplier found to provide : memcached
I, [2012-04-21T21:03:15.965874 #1320]  INFO -- : Log started on 2012-04-21 21:03:15 -0500
I, [2012-04-21T21:03:16.095881 #1320]  INFO -- : [memcached]2012-04-21 21:03:16 -0500 | INFO | Provided service list : 2
I, [2012-04-21T21:03:16.164885 #1320]  INFO -- : [memcached]2012-04-21 21:03:16 -0500 | INFO | Provided service list : 2
I, [2012-04-21T21:03:16.242890 #1320]  INFO -- : Log started on 2012-04-21 21:03:16 -0500
I, [2012-04-21T21:03:16.306893 #1320]  INFO -- : [memcached]2012-04-21 21:03:16 -0500 | INFO | Provided service list : 2
I, [2012-04-21T21:03:16.356896 #1320]  INFO -- : [memcached]2012-04-21 21:03:16 -0500 | INFO | Provided service list : 2
I, [2012-04-21T21:04:16.647345 #1320]  INFO -- : Log started on 2012-04-21 21:04:16 -0500
I, [2012-04-21T21:04:16.668346 #1320]  INFO -- : [memcached]2012-04-21 21:04:16 -0500 | INFO | Provided service list : 2
I, [2012-04-21T21:04:16.802354 #1320]  INFO -- : [memcached]2012-04-21 21:04:16 -0500 | INFO | Provided service list : 2
I, [2012-04-21T21:04:16.883358 #1320]  INFO -- : Log started on 2012-04-21 21:04:16 -0500
I, [2012-04-21T21:04:16.903359 #1320]  INFO -- : [memcached]2012-04-21 21:04:16 -0500 | INFO | Provided service list : 2
I, [2012-04-21T21:04:17.008365 #1320]  INFO -- : [memcached]2012-04-21 21:04:17 -0500 | INFO | Provided service list : 2
I, [2012-04-21T21:34:22.135613 #1320]  INFO -- : Log started on 2012-04-21 21:34:22 -0500
I, [2012-04-21T21:34:22.229618 #1320]  INFO -- : [memcached]2012-04-21 21:34:22 -0500 | INFO | Provided service list : 2
I, [2012-04-21T21:34:32.042179 #1320]  INFO -- : Log started on 2012-04-21 21:34:32 -0500
I, [2012-04-21T21:34:32.072181 #1320]  INFO -- : [memcached]2012-04-21 21:34:32 -0500 | INFO | Provided service list : 2
I, [2012-04-21T21:35:00.999836 #1320]  INFO -- : Log started on 2012-04-21 21:35:00 -0500
I, [2012-04-21T21:35:01.019837 #1320]  INFO -- : [memcached]2012-04-21 21:35:01 -0500 | INFO | Provided service list : 2
I, [2012-04-21T21:35:54.320885 #1320]  INFO -- : Log started on 2012-04-21 21:35:54 -0500
I, [2012-04-21T21:35:54.346887 #1320]  INFO -- : [memcached]2012-04-21 21:35:54 -0500 | INFO | Provided service list : 2
I, [2012-04-21T21:37:34.173597 #4284]  INFO -- : Log started on 2012-04-21 21:37:34 -0500
I, [2012-04-21T21:37:34.258602 #4284]  INFO -- : [memcached]2012-04-21 21:37:34 -0500 | INFO | Provided service list : 2
I, [2012-04-21T21:42:09.184326 #5676]  INFO -- : Log started on 2012-04-21 21:42:09 -0500
I, [2012-04-21T21:42:09.271331 #5676]  INFO -- : [memcached]2012-04-21 21:42:09 -0500 | INFO | Provided service list : 2
I, [2012-04-21T21:43:51.543181 #5696]  INFO -- : Log started on 2012-04-21 21:43:51 -0500
I, [2012-04-21T21:43:51.643187 #5696]  INFO -- : [memcached]2012-04-21 21:43:51 -0500 | INFO | Provided service list : 2
I, [2012-04-21T21:43:51.725191 #5696]  INFO -- : [memcached]2012-04-21 21:43:51 -0500 | INFO | Provided service list : 2
I, [2012-04-21T21:43:58.220563 #5696]  INFO -- : Log started on 2012-04-21 21:43:58 -0500
I, [2012-04-21T21:43:58.248564 #5696]  INFO -- : [memcached]2012-04-21 21:43:58 -0500 | INFO | Provided service list : 2
I, [2012-04-21T21:43:58.349570 #5696]  INFO -- : [memcached]2012-04-21 21:43:58 -0500 | INFO | Provided service list : 2
I, [2012-04-21T21:52:38.521322 #5696]  INFO -- : Log started on 2012-04-21 21:52:38 -0500
I, [2012-04-21T21:52:38.546324 #5696]  INFO -- : [memcached]2012-04-21 21:52:38 -0500 | INFO | Provided service list : 2
I, [2012-04-21T21:52:38.616328 #5696]  INFO -- : [memcached]2012-04-21 21:52:38 -0500 | INFO | Provided service list : 2
I, [2012-04-21T21:52:38.732334 #5696]  INFO -- : Log started on 2012-04-21 21:52:38 -0500
I, [2012-04-21T21:52:38.752336 #5696]  INFO -- : [memcached]2012-04-21 21:52:38 -0500 | INFO | Provided service list : 2
I, [2012-04-21T21:52:38.806339 #5696]  INFO -- : [memcached]2012-04-21 21:52:38 -0500 | INFO | Provided service list : 2
